<?xml version="1.0" encoding="UTF-8"?>
<!-- Generated by org.testng.reporters.JUnitReportReporter -->
<testsuite name="com.Test_Driven_Devlopment.Simple_Annotations" tests="3" time="0.031" ignored="0" failures="0" timestamp="19 Nov 2021 13:11:18 GMT" skipped="0" hostname="DESKTOP-2VJ4R1V" errors="0">
  <testcase name="women" time="0.016" classname="com.Test_Driven_Devlopment.Simple_Annotations"/>
  <testcase name="men" time="0.015" classname="com.Test_Driven_Devlopment.Simple_Annotations"/>
  <testcase name="tShirt" time="0.000" classname="com.Test_Driven_Devlopment.Simple_Annotations"/>
</testsuite> <!-- com.Test_Driven_Devlopment.Simple_Annotations -->
